<?xml version="1.0" encoding="UTF-8"?>
<testng-results ignored="0" total="1" passed="0" failed="0" skipped="1">
  <reporter-output>
  </reporter-output>
  <suite started-at="2021-09-08T18:17:50 BDT" name="Default suite" finished-at="2021-09-08T18:17:50 BDT" duration-ms="49">
    <groups>
    </groups>
    <test started-at="2021-09-08T18:17:50 BDT" name="Default test" finished-at="2021-09-08T18:17:50 BDT" duration-ms="49">
      <class name="general_settings_backend.VerifyActionLanguage">
        <test-method is-config="true" signature="setDriver()[pri:0, instance:general_settings_backend.VerifyActionLanguage@1530c739]" started-at="2021-09-08T18:17:49 BDT" name="setDriver" finished-at="2021-09-08T18:17:50 BDT" duration-ms="1394" status="FAIL">
          <exception class="org.openqa.selenium.SessionNotCreatedException">
            <message>
              <![CDATA[session not created: This version of ChromeDriver only supports Chrome version 91
Current browser version is 93.0.4577.63 with binary path C:\Program Files\Google\Chrome\Application\chrome.exe
Build info: version: '3.5.3', revision: 'a88d25fe6b', time: '2017-08-29T12:54:15.039Z'
System info: host: 'DESKTOP-U64FBT2', ip: '192.168.88.26', os.name: 'Windows 10', os.arch: 'amd64', os.version: '10.0', java.version: '16.0.2'
Driver info: driver.version: ChromeDriver
remote stacktrace: Backtrace:
Ordinal0 [0x01033733+2504499]
Ordinal0 [0x00FCC401+2081793]
Ordinal0 [0x00ED2628+1058344]
Ordinal0 [0x00EF071A+1181466]
Ordinal0 [0x00EEC58C+1164684]
Ordinal0 [0x00EE9DC3+1154499]
Ordinal0 [0x00F19B82+1350530]
Ordinal0 [0x00F197DA+1349594]
Ordinal0 [0x00F15D4B+1334603]
Ordinal0 [0x00EF22B4+1188532]
Ordinal0 [0x00EF3149+1192265]
GetHandleVerifier [0x011AFB8C+1512252]
GetHandleVerifier [0x0125B0DF+2214031]
GetHandleVerifier [0x010B4BC3+484211]
GetHandleVerifier [0x010B3E69+480793]
Ordinal0 [0x00FD218D+2105741]
Ordinal0 [0x00FD66E8+2123496]
Ordinal0 [0x00FD6827+2123815]
Ordinal0 [0x00FDFB73+2161523]
BaseThreadInitThunk [0x77B0FA29+25]
RtlGetAppContainerNamedObjectPath [0x77C77A7E+286]
RtlGetAppContainerNamedObjectPath [0x77C77A4E+238]
]]>
            </message>
            <full-stacktrace>
              <![CDATA[org.openqa.selenium.SessionNotCreatedException: session not created: This version of ChromeDriver only supports Chrome version 91
Current browser version is 93.0.4577.63 with binary path C:\Program Files\Google\Chrome\Application\chrome.exe
Build info: version: '3.5.3', revision: 'a88d25fe6b', time: '2017-08-29T12:54:15.039Z'
System info: host: 'DESKTOP-U64FBT2', ip: '192.168.88.26', os.name: 'Windows 10', os.arch: 'amd64', os.version: '10.0', java.version: '16.0.2'
Driver info: driver.version: ChromeDriver
remote stacktrace: Backtrace:
Ordinal0 [0x01033733+2504499]
Ordinal0 [0x00FCC401+2081793]
Ordinal0 [0x00ED2628+1058344]
Ordinal0 [0x00EF071A+1181466]
Ordinal0 [0x00EEC58C+1164684]
Ordinal0 [0x00EE9DC3+1154499]
Ordinal0 [0x00F19B82+1350530]
Ordinal0 [0x00F197DA+1349594]
Ordinal0 [0x00F15D4B+1334603]
Ordinal0 [0x00EF22B4+1188532]
Ordinal0 [0x00EF3149+1192265]
GetHandleVerifier [0x011AFB8C+1512252]
GetHandleVerifier [0x0125B0DF+2214031]
GetHandleVerifier [0x010B4BC3+484211]
GetHandleVerifier [0x010B3E69+480793]
Ordinal0 [0x00FD218D+2105741]
Ordinal0 [0x00FD66E8+2123496]
Ordinal0 [0x00FD6827+2123815]
Ordinal0 [0x00FDFB73+2161523]
BaseThreadInitThunk [0x77B0FA29+25]
RtlGetAppContainerNamedObjectPath [0x77C77A7E+286]
RtlGetAppContainerNamedObjectPath [0x77C77A4E+238]

at java.base/jdk.internal.reflect.NativeConstructorAccessorImpl.newInstance0(Native Method)
at java.base/jdk.internal.reflect.NativeConstructorAccessorImpl.newInstance(NativeConstructorAccessorImpl.java:78)
at java.base/jdk.internal.reflect.DelegatingConstructorAccessorImpl.newInstance(DelegatingConstructorAccessorImpl.java:45)
at java.base/java.lang.reflect.Constructor.newInstanceWithCaller(Constructor.java:499)
at java.base/java.lang.reflect.Constructor.newInstance(Constructor.java:480)
at org.openqa.selenium.remote.W3CHandshakeResponse.lambda$new$0(W3CHandshakeResponse.java:57)
at org.openqa.selenium.remote.W3CHandshakeResponse.lambda$getResponseFunction$2(W3CHandshakeResponse.java:104)
at org.openqa.selenium.remote.ProtocolHandshake.lambda$createSession$24(ProtocolHandshake.java:359)
at java.base/java.util.stream.ReferencePipeline$3$1.accept(ReferencePipeline.java:197)
at java.base/java.util.Spliterators$ArraySpliterator.tryAdvance(Spliterators.java:958)
at java.base/java.util.stream.ReferencePipeline.forEachWithCancel(ReferencePipeline.java:129)
at java.base/java.util.stream.AbstractPipeline.copyIntoWithCancel(AbstractPipeline.java:502)
at java.base/java.util.stream.AbstractPipeline.copyInto(AbstractPipeline.java:488)
at java.base/java.util.stream.AbstractPipeline.wrapAndCopyInto(AbstractPipeline.java:474)
at java.base/java.util.stream.FindOps$FindOp.evaluateSequential(FindOps.java:150)
at java.base/java.util.stream.AbstractPipeline.evaluate(AbstractPipeline.java:234)
at java.base/java.util.stream.ReferencePipeline.findFirst(ReferencePipeline.java:647)
at org.openqa.selenium.remote.ProtocolHandshake.createSession(ProtocolHandshake.java:362)
at org.openqa.selenium.remote.ProtocolHandshake.createSession(ProtocolHandshake.java:136)
at org.openqa.selenium.remote.HttpCommandExecutor.execute(HttpCommandExecutor.java:142)
at org.openqa.selenium.remote.service.DriverCommandExecutor.execute(DriverCommandExecutor.java:82)
at org.openqa.selenium.remote.RemoteWebDriver.execute(RemoteWebDriver.java:646)
at org.openqa.selenium.remote.RemoteWebDriver.startSession(RemoteWebDriver.java:255)
at org.openqa.selenium.remote.RemoteWebDriver.startSession(RemoteWebDriver.java:237)
at org.openqa.selenium.remote.RemoteWebDriver.<init>(RemoteWebDriver.java:138)
at org.openqa.selenium.chrome.ChromeDriver.<init>(ChromeDriver.java:178)
at org.openqa.selenium.chrome.ChromeDriver.<init>(ChromeDriver.java:167)
at org.openqa.selenium.chrome.ChromeDriver.<init>(ChromeDriver.java:124)
at base_class.DriverSetup.setDriver(DriverSetup.java:23)
at java.base/jdk.internal.reflect.NativeMethodAccessorImpl.invoke0(Native Method)
at java.base/jdk.internal.reflect.NativeMethodAccessorImpl.invoke(NativeMethodAccessorImpl.java:78)
at java.base/jdk.internal.reflect.DelegatingMethodAccessorImpl.invoke(DelegatingMethodAccessorImpl.java:43)
at java.base/java.lang.reflect.Method.invoke(Method.java:567)
at org.testng.internal.MethodInvocationHelper.invokeMethod(MethodInvocationHelper.java:133)
at org.testng.internal.MethodInvocationHelper.invokeMethodConsideringTimeout(MethodInvocationHelper.java:62)
at org.testng.internal.ConfigInvoker.invokeConfigurationMethod(ConfigInvoker.java:385)
at org.testng.internal.ConfigInvoker.invokeConfigurations(ConfigInvoker.java:321)
at org.testng.SuiteRunner.privateRun(SuiteRunner.java:317)
at org.testng.SuiteRunner.run(SuiteRunner.java:276)
at org.testng.SuiteRunnerWorker.runSuite(SuiteRunnerWorker.java:53)
at org.testng.SuiteRunnerWorker.run(SuiteRunnerWorker.java:96)
at org.testng.TestNG.runSuitesSequentially(TestNG.java:1212)
at org.testng.TestNG.runSuitesLocally(TestNG.java:1134)
at org.testng.TestNG.runSuites(TestNG.java:1063)
at org.testng.TestNG.run(TestNG.java:1031)
at org.testng.remote.AbstractRemoteTestNG.run(AbstractRemoteTestNG.java:115)
at org.testng.remote.RemoteTestNG.initAndRun(RemoteTestNG.java:251)
at org.testng.remote.RemoteTestNG.main(RemoteTestNG.java:77)
]]>
            </full-stacktrace>
          </exception> <!-- org.openqa.selenium.SessionNotCreatedException -->
          <reporter-output>
          </reporter-output>
        </test-method> <!-- setDriver -->
        <test-method signature="ActionTestLanguage()[pri:0, instance:general_settings_backend.VerifyActionLanguage@1530c739]" started-at="2021-09-08T18:17:50 BDT" name="ActionTestLanguage" finished-at="2021-09-08T18:17:50 BDT" duration-ms="0" status="SKIP">
          <exception class="org.openqa.selenium.SessionNotCreatedException">
            <message>
              <![CDATA[session not created: This version of ChromeDriver only supports Chrome version 91
Current browser version is 93.0.4577.63 with binary path C:\Program Files\Google\Chrome\Application\chrome.exe
Build info: version: '3.5.3', revision: 'a88d25fe6b', time: '2017-08-29T12:54:15.039Z'
System info: host: 'DESKTOP-U64FBT2', ip: '192.168.88.26', os.name: 'Windows 10', os.arch: 'amd64', os.version: '10.0', java.version: '16.0.2'
Driver info: driver.version: ChromeDriver
remote stacktrace: Backtrace:
Ordinal0 [0x01033733+2504499]
Ordinal0 [0x00FCC401+2081793]
Ordinal0 [0x00ED2628+1058344]
Ordinal0 [0x00EF071A+1181466]
Ordinal0 [0x00EEC58C+1164684]
Ordinal0 [0x00EE9DC3+1154499]
Ordinal0 [0x00F19B82+1350530]
Ordinal0 [0x00F197DA+1349594]
Ordinal0 [0x00F15D4B+1334603]
Ordinal0 [0x00EF22B4+1188532]
Ordinal0 [0x00EF3149+1192265]
GetHandleVerifier [0x011AFB8C+1512252]
GetHandleVerifier [0x0125B0DF+2214031]
GetHandleVerifier [0x010B4BC3+484211]
GetHandleVerifier [0x010B3E69+480793]
Ordinal0 [0x00FD218D+2105741]
Ordinal0 [0x00FD66E8+2123496]
Ordinal0 [0x00FD6827+2123815]
Ordinal0 [0x00FDFB73+2161523]
BaseThreadInitThunk [0x77B0FA29+25]
RtlGetAppContainerNamedObjectPath [0x77C77A7E+286]
RtlGetAppContainerNamedObjectPath [0x77C77A4E+238]
]]>
            </message>
            <full-stacktrace>
              <![CDATA[org.openqa.selenium.SessionNotCreatedException: session not created: This version of ChromeDriver only supports Chrome version 91
Current browser version is 93.0.4577.63 with binary path C:\Program Files\Google\Chrome\Application\chrome.exe
Build info: version: '3.5.3', revision: 'a88d25fe6b', time: '2017-08-29T12:54:15.039Z'
System info: host: 'DESKTOP-U64FBT2', ip: '192.168.88.26', os.name: 'Windows 10', os.arch: 'amd64', os.version: '10.0', java.version: '16.0.2'
Driver info: driver.version: ChromeDriver
remote stacktrace: Backtrace:
Ordinal0 [0x01033733+2504499]
Ordinal0 [0x00FCC401+2081793]
Ordinal0 [0x00ED2628+1058344]
Ordinal0 [0x00EF071A+1181466]
Ordinal0 [0x00EEC58C+1164684]
Ordinal0 [0x00EE9DC3+1154499]
Ordinal0 [0x00F19B82+1350530]
Ordinal0 [0x00F197DA+1349594]
Ordinal0 [0x00F15D4B+1334603]
Ordinal0 [0x00EF22B4+1188532]
Ordinal0 [0x00EF3149+1192265]
GetHandleVerifier [0x011AFB8C+1512252]
GetHandleVerifier [0x0125B0DF+2214031]
GetHandleVerifier [0x010B4BC3+484211]
GetHandleVerifier [0x010B3E69+480793]
Ordinal0 [0x00FD218D+2105741]
Ordinal0 [0x00FD66E8+2123496]
Ordinal0 [0x00FD6827+2123815]
Ordinal0 [0x00FDFB73+2161523]
BaseThreadInitThunk [0x77B0FA29+25]
RtlGetAppContainerNamedObjectPath [0x77C77A7E+286]
RtlGetAppContainerNamedObjectPath [0x77C77A4E+238]

at java.base/jdk.internal.reflect.NativeConstructorAccessorImpl.newInstance0(Native Method)
at java.base/jdk.internal.reflect.NativeConstructorAccessorImpl.newInstance(NativeConstructorAccessorImpl.java:78)
at java.base/jdk.internal.reflect.DelegatingConstructorAccessorImpl.newInstance(DelegatingConstructorAccessorImpl.java:45)
at java.base/java.lang.reflect.Constructor.newInstanceWithCaller(Constructor.java:499)
at java.base/java.lang.reflect.Constructor.newInstance(Constructor.java:480)
at org.openqa.selenium.remote.W3CHandshakeResponse.lambda$new$0(W3CHandshakeResponse.java:57)
at org.openqa.selenium.remote.W3CHandshakeResponse.lambda$getResponseFunction$2(W3CHandshakeResponse.java:104)
at org.openqa.selenium.remote.ProtocolHandshake.lambda$createSession$24(ProtocolHandshake.java:359)
at java.base/java.util.stream.ReferencePipeline$3$1.accept(ReferencePipeline.java:197)
at java.base/java.util.Spliterators$ArraySpliterator.tryAdvance(Spliterators.java:958)
at java.base/java.util.stream.ReferencePipeline.forEachWithCancel(ReferencePipeline.java:129)
at java.base/java.util.stream.AbstractPipeline.copyIntoWithCancel(AbstractPipeline.java:502)
at java.base/java.util.stream.AbstractPipeline.copyInto(AbstractPipeline.java:488)
at java.base/java.util.stream.AbstractPipeline.wrapAndCopyInto(AbstractPipeline.java:474)
at java.base/java.util.stream.FindOps$FindOp.evaluateSequential(FindOps.java:150)
at java.base/java.util.stream.AbstractPipeline.evaluate(AbstractPipeline.java:234)
at java.base/java.util.stream.ReferencePipeline.findFirst(ReferencePipeline.java:647)
at org.openqa.selenium.remote.ProtocolHandshake.createSession(ProtocolHandshake.java:362)
at org.openqa.selenium.remote.ProtocolHandshake.createSession(ProtocolHandshake.java:136)
at org.openqa.selenium.remote.HttpCommandExecutor.execute(HttpCommandExecutor.java:142)
at org.openqa.selenium.remote.service.DriverCommandExecutor.execute(DriverCommandExecutor.java:82)
at org.openqa.selenium.remote.RemoteWebDriver.execute(RemoteWebDriver.java:646)
at org.openqa.selenium.remote.RemoteWebDriver.startSession(RemoteWebDriver.java:255)
at org.openqa.selenium.remote.RemoteWebDriver.startSession(RemoteWebDriver.java:237)
at org.openqa.selenium.remote.RemoteWebDriver.<init>(RemoteWebDriver.java:138)
at org.openqa.selenium.chrome.ChromeDriver.<init>(ChromeDriver.java:178)
at org.openqa.selenium.chrome.ChromeDriver.<init>(ChromeDriver.java:167)
at org.openqa.selenium.chrome.ChromeDriver.<init>(ChromeDriver.java:124)
at base_class.DriverSetup.setDriver(DriverSetup.java:23)
at java.base/jdk.internal.reflect.NativeMethodAccessorImpl.invoke0(Native Method)
at java.base/jdk.internal.reflect.NativeMethodAccessorImpl.invoke(NativeMethodAccessorImpl.java:78)
at java.base/jdk.internal.reflect.DelegatingMethodAccessorImpl.invoke(DelegatingMethodAccessorImpl.java:43)
at java.base/java.lang.reflect.Method.invoke(Method.java:567)
at org.testng.internal.MethodInvocationHelper.invokeMethod(MethodInvocationHelper.java:133)
at org.testng.internal.MethodInvocationHelper.invokeMethodConsideringTimeout(MethodInvocationHelper.java:62)
at org.testng.internal.ConfigInvoker.invokeConfigurationMethod(ConfigInvoker.java:385)
at org.testng.internal.ConfigInvoker.invokeConfigurations(ConfigInvoker.java:321)
at org.testng.SuiteRunner.privateRun(SuiteRunner.java:317)
at org.testng.SuiteRunner.run(SuiteRunner.java:276)
at org.testng.SuiteRunnerWorker.runSuite(SuiteRunnerWorker.java:53)
at org.testng.SuiteRunnerWorker.run(SuiteRunnerWorker.java:96)
at org.testng.TestNG.runSuitesSequentially(TestNG.java:1212)
at org.testng.TestNG.runSuitesLocally(TestNG.java:1134)
at org.testng.TestNG.runSuites(TestNG.java:1063)
at org.testng.TestNG.run(TestNG.java:1031)
at org.testng.remote.AbstractRemoteTestNG.run(AbstractRemoteTestNG.java:115)
at org.testng.remote.RemoteTestNG.initAndRun(RemoteTestNG.java:251)
at org.testng.remote.RemoteTestNG.main(RemoteTestNG.java:77)
]]>
            </full-stacktrace>
          </exception> <!-- org.openqa.selenium.SessionNotCreatedException -->
          <reporter-output>
          </reporter-output>
        </test-method> <!-- ActionTestLanguage -->
        <test-method is-config="true" signature="close()[pri:0, instance:general_settings_backend.VerifyActionLanguage@1530c739]" started-at="2021-09-08T18:17:51 BDT" name="close" finished-at="1970-01-01T06:00:00 BDT" duration-ms="-1631103471085" status="SKIP">
          <reporter-output>
          </reporter-output>
        </test-method> <!-- close -->
      </class> <!-- general_settings_backend.VerifyActionLanguage -->
    </test> <!-- Default test -->
  </suite> <!-- Default suite -->
</testng-results>
